<?xml version="1.0" encoding="UTF-8"?>
<!-- Generated by org.testng.reporters.JUnitReportReporter -->
<testsuite skipped="0" hostname="Nishu" name="testScenarios.Home" tests="6" failures="0" timestamp="09 Jun 2020 18:53:31 GMT" time="47.638" errors="0">
  <testcase name="loginpage_cab" time="12.895" classname="testScenarios.Home"/>
  <testcase name="cab_selection" time="1.296" classname="testScenarios.Home"/>
  <testcase name="navigation" time="2.450" classname="testScenarios.Home"/>
  <testcase name="Giftcards" time="27.298" classname="testScenarios.Home"/>
  <testcase name="backtohotel" time="2.070" classname="testScenarios.Home"/>
  <testcase name="Hotel" time="1.629" classname="testScenarios.Home"/>
</testsuite> <!-- testScenarios.Home -->
