<?xml version="1.0" encoding="UTF-8"?>
<!-- Generated by org.testng.reporters.JUnitReportReporter -->
<testsuite skipped="0" hostname="Nishu" name="testScenarios.AwayHome" tests="1" failures="0" timestamp="20 May 2020 06:00:52 GMT" time="5.433" errors="0">
  <testcase name="loginpage_cab" time="5.433" classname="testScenarios.AwayHome"/>
</testsuite> <!-- testScenarios.AwayHome -->
